<?xml version="1.0" encoding="UTF-8"?>
<coverage generated="1709846035295" clover="3.2.0">
  <project timestamp="1709846035295" name="All files">
    <metrics statements="13" coveredstatements="13" conditionals="22" coveredconditionals="22" methods="3" coveredmethods="3" elements="38" coveredelements="38" complexity="0" loc="13" ncloc="13" packages="1" files="1" classes="1"/>
    <file name="index.ts" path="C:\Users\byron\Desktop\node\code-challenge\src\index.ts">
      <metrics statements="13" coveredstatements="13" conditionals="22" coveredconditionals="22" methods="3" coveredmethods="3"/>
      <line num="3" count="17" type="stmt"/>
      <line num="5" count="17" type="stmt"/>
      <line num="7" count="17" type="stmt"/>
      <line num="8" count="17" type="stmt"/>
      <line num="9" count="17" type="stmt"/>
      <line num="11" count="17" type="cond" truecount="1" falsecount="0"/>
      <line num="12" count="14" type="stmt"/>
      <line num="15" count="3" type="stmt"/>
      <line num="19" count="17" type="cond" truecount="5" falsecount="0"/>
      <line num="23" count="14" type="cond" truecount="1" falsecount="0"/>
      <line num="30" count="10" type="stmt"/>
      <line num="32" count="4" type="stmt"/>
      <line num="35" count="1" type="stmt"/>
    </file>
  </project>
</coverage>
