{"C:\\Users\\byron\\Desktop\\node\\code-challenge\\src\\index.ts": {"path":"C:\\Users\\byron\\Desktop\\node\\code-challenge\\src\\index.ts","statementMap":{"0":{"start":{"line":3,"column":30},"end":{"line":3,"column":73}},"1":{"start":{"line":5,"column":32},"end":{"line":5,"column":59}},"2":{"start":{"line":7,"column":31},"end":{"line":7,"column":53}},"3":{"start":{"line":8,"column":32},"end":{"line":8,"column":56}},"4":{"start":{"line":9,"column":35},"end":{"line":9,"column":61}},"5":{"start":{"line":11,"column":4},"end":{"line":13,"column":5}},"6":{"start":{"line":12,"column":8},"end":{"line":12,"column":54}},"7":{"start":{"line":15,"column":4},"end":{"line":15,"column":16}},"8":{"start":{"line":19,"column":4},"end":{"line":19,"column":84}},"9":{"start":{"line":23,"column":4},"end":{"line":31,"column":5}},"10":{"start":{"line":30,"column":8},"end":{"line":30,"column":21}},"11":{"start":{"line":32,"column":4},"end":{"line":32,"column":16}},"12":{"start":{"line":35,"column":0},"end":{"line":35,"column":25}}},"fnMap":{"0":{"name":"predictor","decl":{"start":{"line":1,"column":9},"end":{"line":1,"column":18}},"loc":{"start":{"line":1,"column":67},"end":{"line":16,"column":1}}},"1":{"name":"isRestrictedHour","decl":{"start":{"line":18,"column":9},"end":{"line":18,"column":25}},"loc":{"start":{"line":18,"column":52},"end":{"line":20,"column":1}}},"2":{"name":"isCirculationDay","decl":{"start":{"line":22,"column":9},"end":{"line":22,"column":25}},"loc":{"start":{"line":22,"column":53},"end":{"line":33,"column":1}}}},"branchMap":{"0":{"loc":{"start":{"line":11,"column":4},"end":{"line":13,"column":5}},"type":"if","locations":[{"start":{"line":11,"column":4},"end":{"line":13,"column":5}}]},"1":{"loc":{"start":{"line":19,"column":12},"end":{"line":19,"column":83}},"type":"binary-expr","locations":[{"start":{"line":19,"column":13},"end":{"line":19,"column":22}},{"start":{"line":19,"column":27},"end":{"line":19,"column":36}},{"start":{"line":19,"column":40},"end":{"line":19,"column":52}},{"start":{"line":19,"column":59},"end":{"line":19,"column":69}},{"start":{"line":19,"column":73},"end":{"line":19,"column":82}}]},"2":{"loc":{"start":{"line":23,"column":4},"end":{"line":31,"column":5}},"type":"if","locations":[{"start":{"line":23,"column":4},"end":{"line":31,"column":5}}]},"3":{"loc":{"start":{"line":24,"column":4},"end":{"line":28,"column":52}},"type":"binary-expr","locations":[{"start":{"line":24,"column":5},"end":{"line":24,"column":13}},{"start":{"line":24,"column":18},"end":{"line":24,"column":32}},{"start":{"line":24,"column":36},"end":{"line":24,"column":50}},{"start":{"line":25,"column":5},"end":{"line":25,"column":13}},{"start":{"line":25,"column":18},"end":{"line":25,"column":32}},{"start":{"line":25,"column":36},"end":{"line":25,"column":50}},{"start":{"line":26,"column":5},"end":{"line":26,"column":13}},{"start":{"line":26,"column":18},"end":{"line":26,"column":32}},{"start":{"line":26,"column":36},"end":{"line":26,"column":50}},{"start":{"line":27,"column":5},"end":{"line":27,"column":13}},{"start":{"line":27,"column":18},"end":{"line":27,"column":32}},{"start":{"line":27,"column":36},"end":{"line":27,"column":50}},{"start":{"line":28,"column":5},"end":{"line":28,"column":13}},{"start":{"line":28,"column":18},"end":{"line":28,"column":32}},{"start":{"line":28,"column":36},"end":{"line":28,"column":50}}]}},"s":{"0":17,"1":17,"2":17,"3":17,"4":17,"5":17,"6":14,"7":3,"8":17,"9":14,"10":10,"11":4,"12":1},"f":{"0":17,"1":17,"2":14},"b":{"0":[14],"1":[17,16,10,8,6],"2":[10],"3":[14,3,2,12,2,1,10,3,2,8,2,1,6,2,1]}}
}
