TN:
SF:src\index.ts
FN:1,predictor
FN:18,isRestrictedHour
FN:22,isCirculationDay
FNF:3
FNH:3
FNDA:17,predictor
FNDA:17,isRestrictedHour
FNDA:14,isCirculationDay
DA:3,17
DA:5,17
DA:7,17
DA:8,17
DA:9,17
DA:11,17
DA:12,14
DA:15,3
DA:19,17
DA:23,14
DA:30,10
DA:32,4
DA:35,1
LF:13
LH:13
BRDA:11,0,0,14
BRDA:19,1,0,17
BRDA:19,1,1,16
BRDA:19,1,2,10
BRDA:19,1,3,8
BRDA:19,1,4,6
BRDA:23,2,0,10
BRDA:24,3,0,14
BRDA:24,3,1,3
BRDA:24,3,2,2
BRDA:24,3,3,12
BRDA:24,3,4,2
BRDA:24,3,5,1
BRDA:24,3,6,10
BRDA:24,3,7,3
BRDA:24,3,8,2
BRDA:24,3,9,8
BRDA:24,3,10,2
BRDA:24,3,11,1
BRDA:24,3,12,6
BRDA:24,3,13,2
BRDA:24,3,14,1
BRF:22
BRH:22
end_of_record
